src/middleware/errorHandler.ts(38,31): error TS2552: Cannot find name 'req'. Did you mean '_req'?
src/middleware/errorHandler.ts(38,45): error TS2552: Cannot find name 'req'. Did you mean '_req'?
